<?xml version="1.0" encoding="UTF-8"?>
<!-- Generated by org.testng.reporters.JUnitReportReporter -->
<testsuite hostname="LP-5CG1369MPZ" failures="0" tests="1" name="Reports.Extentrep" time="13.347" errors="0" timestamp="2023-07-21T11:06:15 IST" skipped="0">
  <testcase classname="Reports.Extentrep" name="Test_class" time="13.347"/>
  <system-out/>
</testsuite> <!-- Reports.Extentrep -->
